<?xml version="1.0" encoding="UTF-8"?>
<testng-results ignored="0" total="1" passed="1" failed="0" skipped="0">
  <reporter-output>
  </reporter-output>
  <suite started-at="2022-04-10T12:21:18 EDT" name="Default suite" finished-at="2022-04-10T12:21:26 EDT" duration-ms="7828">
    <groups>
    </groups>
    <test started-at="2022-04-10T12:21:18 EDT" name="Default test" finished-at="2022-04-10T12:21:26 EDT" duration-ms="7828">
      <class name="Sprint1.Day1">
        <test-method is-config="true" signature="config()[pri:0, instance:Sprint1.Day1@49b0b76]" started-at="2022-04-10T12:21:16 EDT" name="config" finished-at="2022-04-10T12:21:18 EDT" duration-ms="2244" status="PASS">
          <reporter-output>
          </reporter-output>
        </test-method> <!-- config -->
        <test-method is-config="true" signature="setup()[pri:0, instance:Sprint1.Day1@49b0b76]" started-at="2022-04-10T12:21:18 EDT" name="setup" finished-at="2022-04-10T12:21:18 EDT" duration-ms="3" status="PASS">
          <reporter-output>
          </reporter-output>
        </test-method> <!-- setup -->
        <test-method signature="Opening()[pri:0, instance:Sprint1.Day1@49b0b76]" started-at="2022-04-10T12:21:19 EDT" name="Opening" finished-at="2022-04-10T12:21:26 EDT" duration-ms="7791" status="PASS">
          <reporter-output>
          </reporter-output>
        </test-method> <!-- Opening -->
        <test-method is-config="true" signature="closing()[pri:0, instance:Sprint1.Day1@49b0b76]" started-at="2022-04-10T12:21:26 EDT" name="closing" finished-at="2022-04-10T12:21:27 EDT" duration-ms="313" status="PASS">
          <reporter-output>
          </reporter-output>
        </test-method> <!-- closing -->
      </class> <!-- Sprint1.Day1 -->
    </test> <!-- Default test -->
  </suite> <!-- Default suite -->
</testng-results>
